<?xml version="1.0" encoding="UTF-8"?>
<!-- Generated by org.testng.reporters.JUnitReportReporter -->
<testsuite hostname="DESKTOP-BEDA6MH" failures="0" tests="4" name="testLayer.LoginTest" time="63.718" errors="0" timestamp="2023-09-05T19:18:56 EDT" skipped="0">
  <testcase classname="testLayer.LoginTest" name="Title" time="8.170"/>
  <system-out/>
  <testcase classname="testLayer.LoginTest" name="login" time="18.198"/>
  <system-out/>
  <testcase classname="testLayer.LoginTest" name="login" time="19.216"/>
  <system-out/>
  <testcase classname="testLayer.LoginTest" name="login" time="18.134"/>
  <system-out/>
</testsuite> <!-- testLayer.LoginTest -->
